build/outputs/logs/manifest-merger-debug-report.txt
-- Merging decision tree log ---
manifest
ADDED from src/main/AndroidManifest.xml:1:1-23:12
	package
		ADDED from src/main/AndroidManifest.xml:2:5-62
		INJECTED from src/main/AndroidManifest.xml
		INJECTED from src/main/AndroidManifest.xml
	android:versionName
		INJECTED from src/main/AndroidManifest.xml
		INJECTED from src/main/AndroidManifest.xml
	xmlns:android
		ADDED from src/main/AndroidManifest.xml:1:11-69
	android:versionCode
		INJECTED from src/main/AndroidManifest.xml
		INJECTED from src/main/AndroidManifest.xml
uses-permission#android.permission.WRITE_EXTERNAL_STORAGE
ADDED from src/main/AndroidManifest.xml:4:5-80
MERGED from [com.segway.robot:sdkbase:0.1.53] AndroidManifest.xml:11:5-81
	android:name
		ADDED from src/main/AndroidManifest.xml:4:22-78
uses-permission#android.permission.MOUNT_UNMOUNT_FILESYSTEMS
ADDED from src/main/AndroidManifest.xml:5:5-83
	android:name
		ADDED from src/main/AndroidManifest.xml:5:22-81
application
ADDED from src/main/AndroidManifest.xml:6:5-21:19
MERGED from [com.segway.robot:basic-class:0.5.162] AndroidManifest.xml:11:5-15:19
	android:label
		ADDED from src/main/AndroidManifest.xml:8:9-41
	android:supportsRtl
		ADDED from src/main/AndroidManifest.xml:10:9-35
	android:allowBackup
		ADDED from src/main/AndroidManifest.xml:7:9-35
	android:icon
		ADDED from src/main/AndroidManifest.xml:9:9-43
activity#com.segway.robot.host.coreservice.vision.sample.VisionSampleActivity
ADDED from src/main/AndroidManifest.xml:12:9-19:20
	android:screenOrientation
		ADDED from src/main/AndroidManifest.xml:13:19-56
	android:name
		ADDED from src/main/AndroidManifest.xml:12:19-55
intent-filter#android.intent.action.MAIN+android.intent.category.LAUNCHER
ADDED from src/main/AndroidManifest.xml:14:9-18:25
action#android.intent.action.MAIN
ADDED from src/main/AndroidManifest.xml:15:13-65
	android:name
		ADDED from src/main/AndroidManifest.xml:15:21-62
category#android.intent.category.LAUNCHER
ADDED from src/main/AndroidManifest.xml:17:13-73
	android:name
		ADDED from src/main/AndroidManifest.xml:17:23-70
uses-sdk
INJECTED from src/main/AndroidManifest.xml reason: use-sdk injection requested
MERGED from [com.segway.robot:visionsdk:0.6.217] AndroidManifest.xml:7:5-9:41
MERGED from [com.segway.robot:basic-class:0.5.162] AndroidManifest.xml:7:5-9:41
MERGED from [com.segway.robot:sdkbase:0.1.53] AndroidManifest.xml:7:5-9:41
	android:targetSdkVersion
		INJECTED from src/main/AndroidManifest.xml
		INJECTED from src/main/AndroidManifest.xml
	android:minSdkVersion
		INJECTED from src/main/AndroidManifest.xml
		INJECTED from src/main/AndroidManifest.xml
uses-feature#android.hardware.camera
ADDED from [com.segway.robot:visionsdk:0.6.217] AndroidManifest.xml:11:5-60
	android:name
		ADDED from [com.segway.robot:visionsdk:0.6.217] AndroidManifest.xml:11:19-57
uses-permission#android.permission.CAMERA
ADDED from [com.segway.robot:visionsdk:0.6.217] AndroidManifest.xml:13:5-65
	android:name
		ADDED from [com.segway.robot:visionsdk:0.6.217] AndroidManifest.xml:13:22-62